Arguments: 
  /usr/local/bin/node /usr/share/yarn/bin/yarn.js install

PATH: 
  /home/alexandria/.local/share/pnpm:/usr/local/sbin:/usr/local/bin:/usr/sbin:/usr/bin:/sbin:/bin:/usr/games:/usr/local/games:/snap/bin:/snap/bin:/home/alexandria/Android/Sdk/emulator:/home/alexandria/Android/Sdk/tools:/home/alexandria/Android/Sdk/tools/bin:/home/alexandria/Android/Sdk/platform-tools:/home/alexandria/Android/Sdk/emulator:/home/alexandria/Android/Sdk/tools:/home/alexandria/Android/Sdk/tools/bin:/home/alexandria/Android/Sdk/platform-tools:/home/alexandria/Android/Sdk/emulator:/home/alexandria/Android/Sdk/tools:/home/alexandria/Android/Sdk/tools/bin:/home/alexandria/Android/Sdk/platform-tools

Yarn version: 
  1.22.19

Node version: 
  16.13.2

Platform: 
  linux x64

Trace: 
  Error: connect ENETUNREACH 104.16.19.35:443 - Local (0.0.0.0:0)
      at internalConnect (node:net:931:16)
      at defaultTriggerAsyncIdScope (node:internal/async_hooks:454:18)
      at emitLookup (node:net:1075:9)
      at /usr/share/yarn/lib/cli.js:103587:28
      at /usr/share/yarn/lib/cli.js:103496:13
      at RawTask.module.exports.RawTask.call (/usr/share/yarn/lib/cli.js:79584:19)
      at flush (/usr/share/yarn/lib/cli.js:79666:29)
      at processTicksAndRejections (node:internal/process/task_queues:78:11)

npm manifest: 
  {
    "name": "sis",
    "private": true,
    "version": "0.0.0",
    "type": "module",
    "scripts": {
      "dev": "vite",
      "build": "vite build",
      "lint": "eslint src --ext js,jsx --report-unused-disable-directives --max-warnings 0",
      "preview": "vite preview"
    },
    "dependencies": {
      "react": "^18.2.0",
      "react-dom": "^18.2.0"
    },
    "devDependencies": {
      "@types/react": "^18.2.14",
      "@types/react-dom": "^18.2.6",
      "@vitejs/plugin-react": "^4.0.1",
      "eslint": "^8.44.0",
      "eslint-plugin-react": "^7.32.2",
      "eslint-plugin-react-hooks": "^4.6.0",
      "eslint-plugin-react-refresh": "^0.4.1",
      "vite": "^4.4.0"
    }
  }

yarn manifest: 
  No manifest

Lockfile: 
  No lockfile
